Arguments: 
  /usr/bin/node /usr/bin/yarn install

PATH: 
  /usr/local/sbin:/usr/local/bin:/usr/sbin:/usr/bin:/sbin:/bin:/usr/games:/usr/local/games

Yarn version: 
  1.9.4

Node version: 
  8.13.0

Platform: 
  linux x64

Trace: 
  Error: ENOENT: no such file or directory, lstat '/usr/local/share/.cache/yarn/v2/npm-jest-runner-23.6.0-3894bd219ffc3f3cb94dc48a4170a2e6f23a5a38/package.json'

npm manifest: 
  {
    "name": "expensify",
    "version": "1.0.0",
    "main": "index.js",
    "license": "MIT",
    "scripts": {
      "build:dev": "webpack",
      "build:prod": "webpack -p --env production",
      "devServer": "webpack-dev-server",
      "test": "jest --config=jest.config.json",
      "start": "node server/server.js",
      "heroku-postbuild": "yarn run build:prod"
    },
    "dependencies": {
      "babel-cli": "^6.26.0",
      "babel-core": "6.25.0",
      "babel-loader": "7.1.1",
      "babel-plugin-transform-object-rest-spread": "^6.26.0",
      "babel-preset-env": "^1.7.0",
      "babel-preset-react": "^6.24.1",
      "css-loader": "^1.0.0",
      "express": "4.15.4",
      "extract-text-webpack-plugin": "^4.0.0-beta.0",
      "moment": "2.18.1",
      "node-sass": "^4.9.4",
      "normalize-css": "^2.3.1",
      "raf": "^3.4.1",
      "react": "16.6.3",
      "react-addons-shallow-compare": "15.6.0",
      "react-dates": "12.7.0",
      "react-dom": "16.0.0",
      "react-modal": "^3.6.1",
      "react-redux": "^5.1.1",
      "react-router-dom": "4.2.2",
      "redux": "^4.0.1",
      "sass-loader": "^7.1.0",
      "style-loader": "^0.23.0",
      "uuid": "^3.3.2",
      "validator": "8.0.0",
      "webpack": "4.26.1"
    },
    "devDependencies": {
      "babel-watch": "^2.0.7",
      "enzyme": "^3.7.0",
      "enzyme-adapter-react-16": "^1.7.0",
      "enzyme-to-json": "3.0.1",
      "jest": "^23.6.0",
      "react-test-renderer": "^16.6.3",
      "webpack-dev-server": "3.1.9",
      "webpack-cli": "^3.1.1"
    }
  }

yarn manifest: 
  No manifest

Lockfile: 
  No lockfile
